At time 3 process 1 started arr 3 total 28 remain 28 wait 0
At time 6 process 1 stopped arr 3 total 28 remain 24 wait -1
At time 6 process 1 resumed arr 3 total 28 remain 24 wait -1
At time 10 process 1 stopped arr 3 total 28 remain 20 wait -1
At time 10 process 2 started arr 6 total 17 remain 17 wait 4
At time 14 process 2 stopped arr 6 total 17 remain 13 wait 4
At time 14 process 1 resumed arr 3 total 28 remain 20 wait 3
At time 18 process 1 stopped arr 3 total 28 remain 16 wait 3
At time 18 process 2 resumed arr 6 total 17 remain 13 wait 8
At time 22 process 2 stopped arr 6 total 17 remain 9 wait 8
At time 22 process 3 started arr 13 total 10 remain 10 wait 9
At time 26 process 3 stopped arr 13 total 10 remain 6 wait 9
At time 26 process 1 resumed arr 3 total 28 remain 16 wait 11
At time 30 process 1 stopped arr 3 total 28 remain 12 wait 11
At time 30 process 4 started arr 17 total 22 remain 22 wait 13
At time 34 process 4 stopped arr 17 total 22 remain 18 wait 13
At time 34 process 5 started arr 17 total 11 remain 11 wait 17
At time 38 process 5 stopped arr 17 total 11 remain 7 wait 17
At time 38 process 2 resumed arr 6 total 17 remain 9 wait 24
At time 41 process 2 stopped arr 6 total 17 remain 5 wait 23
At time 41 process 6 started arr 20 total 26 remain 26 wait 21
At time 45 process 6 stopped arr 20 total 26 remain 22 wait 21
At time 45 process 3 resumed arr 13 total 10 remain 6 wait 28
At time 49 process 3 stopped arr 13 total 10 remain 2 wait 28
At time 49 process 7 started arr 26 total 17 remain 17 wait 23
At time 53 process 7 stopped arr 26 total 17 remain 13 wait 23
At time 53 process 1 resumed arr 3 total 28 remain 12 wait 34
At time 57 process 1 stopped arr 3 total 28 remain 8 wait 34
At time 57 process 8 started arr 29 total 11 remain 11 wait 28
At time 61 process 8 stopped arr 29 total 11 remain 7 wait 28
At time 61 process 4 resumed arr 17 total 22 remain 18 wait 40
At time 65 process 4 stopped arr 17 total 22 remain 14 wait 40
At time 65 process 5 resumed arr 17 total 11 remain 7 wait 44
At time 69 process 5 stopped arr 17 total 11 remain 3 wait 44
At time 69 process 9 started arr 38 total 4 remain 4 wait 31
At time 74 process 9 finished arr 38 total 4 remain 0 wait 32 TA 36 WTA 9
At time 74 process 9 finished arr 38 total 4 remain 0 wait 32 TA 36 WTA 9
At time 74 process 2 resumed arr 6 total 17 remain 5 wait 56
At time 78 process 2 stopped arr 6 total 17 remain 1 wait 56
At time 78 process 6 resumed arr 20 total 26 remain 22 wait 54
At time 82 process 6 stopped arr 20 total 26 remain 18 wait 54
At time 82 process 10 started arr 42 total 1 remain 1 wait 40
At time 83 process 10 finished arr 42 total 1 remain 0 wait 40 TA 41 WTA 41
At time 83 process 3 resumed arr 13 total 10 remain 2 wait 62
At time 85 process 3 finished arr 13 total 10 remain 0 wait 62 TA 72 WTA 7.20
At time 85 process 7 resumed arr 26 total 17 remain 13 wait 55
At time 89 process 7 stopped arr 26 total 17 remain 9 wait 55
At time 89 process 1 resumed arr 3 total 28 remain 8 wait 66
At time 93 process 1 stopped arr 3 total 28 remain 4 wait 66
At time 93 process 8 resumed arr 29 total 11 remain 7 wait 60
At time 97 process 8 stopped arr 29 total 11 remain 3 wait 60
At time 97 process 4 resumed arr 17 total 22 remain 14 wait 72
At time 101 process 4 stopped arr 17 total 22 remain 10 wait 72
At time 101 process 5 resumed arr 17 total 11 remain 3 wait 76
At time 104 process 5 finished arr 17 total 11 remain 0 wait 76 TA 87 WTA 7.91
At time 104 process 2 resumed arr 6 total 17 remain 1 wait 82
At time 106 process 2 finished arr 6 total 17 remain 0 wait 83 TA 100 WTA 5.88
At time 106 process 6 resumed arr 20 total 26 remain 18 wait 78
At time 110 process 6 stopped arr 20 total 26 remain 14 wait 78
At time 110 process 7 resumed arr 26 total 17 remain 9 wait 76
At time 114 process 7 stopped arr 26 total 17 remain 5 wait 76
At time 114 process 1 resumed arr 3 total 28 remain 4 wait 87
At time 118 process 1 finished arr 3 total 28 remain 0 wait 87 TA 115 WTA 4.11
At time 118 process 1 finished arr 3 total 28 remain 0 wait 87 TA 115 WTA 4.11
At time 118 process 8 resumed arr 29 total 11 remain 3 wait 81
At time 121 process 8 finished arr 29 total 11 remain 0 wait 81 TA 92 WTA 8.36
At time 121 process 4 resumed arr 17 total 22 remain 10 wait 92
At time 125 process 4 stopped arr 17 total 22 remain 6 wait 92
At time 125 process 6 resumed arr 20 total 26 remain 14 wait 93
At time 129 process 6 stopped arr 20 total 26 remain 10 wait 93
At time 129 process 7 resumed arr 26 total 17 remain 5 wait 91
At time 133 process 7 stopped arr 26 total 17 remain 1 wait 91
At time 133 process 4 resumed arr 17 total 22 remain 6 wait 100
At time 136 process 4 stopped arr 17 total 22 remain 2 wait 99
At time 136 process 6 resumed arr 20 total 26 remain 10 wait 100
At time 139 process 6 stopped arr 20 total 26 remain 6 wait 99
At time 139 process 7 resumed arr 26 total 17 remain 1 wait 97
At time 140 process 7 finished arr 26 total 17 remain 0 wait 97 TA 114 WTA 6.71
At time 140 process 4 resumed arr 17 total 22 remain 2 wait 103
At time 143 process 4 finished arr 17 total 22 remain 0 wait 104 TA 126 WTA 5.73
At time 143 process 6 resumed arr 20 total 26 remain 6 wait 103
At time 147 process 6 stopped arr 20 total 26 remain 2 wait 103
At time 147 process 6 resumed arr 20 total 26 remain 2 wait 103
At time 150 process 6 finished arr 20 total 26 remain 0 wait 104 TA 130 WTA 5
